# JRE version: Java(TM) SE Runtime Environment (8.0_73-b02) (build 1.8.0_73-b02)
# Java VM: Java HotSpot(TM) 64-Bit Server VM (25.73-b02 mixed mode windows-amd64 compressed oops)
Heap:
 PSYoungGen      total 249344K, used 64602K [0x00000000eab00000, 0x0000000100000000, 0x0000000100000000)
  eden space 169984K, 38% used [0x00000000eab00000,0x00000000eea16a38,0x00000000f5100000)
  from space 79360K, 0% used [0x00000000fb280000,0x00000000fb280000,0x0000000100000000)
  to   space 89600K, 0% used [0x00000000f5100000,0x00000000f5100000,0x00000000fa880000)
 ParOldGen       total 246784K, used 133631K [0x00000000c0000000, 0x00000000cf100000, 0x00000000eab00000)
  object space 246784K, 54% used [0x00000000c0000000,0x00000000c827fc90,0x00000000cf100000)
 Metaspace       used 6113K, capacity 7152K, committed 7296K, reserved 1056768K
  class space    used 578K, capacity 616K, committed 640K, reserved 1048576K
GC Heap History (10 events):
Event: 12.567 GC heap before
{Heap before GC invocations=13 (full 2):
 PSYoungGen      total 262656K, used 258294K [0x00000000eab00000, 0x0000000100000000, 0x0000000100000000)
  eden space 193536K, 100% used [0x00000000eab00000,0x00000000f6800000,0x00000000f6800000)
  from space 69120K, 93% used [0x00000000fbc80000,0x00000000ffbbdae8,0x0000000100000000)
  to   space 77824K, 0% used [0x00000000f6800000,0x00000000f6800000,0x00000000fb400000)
 ParOldGen       total 137728K, used 48141K [0x00000000c0000000, 0x00000000c8680000, 0x00000000eab00000)
  object space 137728K, 34% used [0x00000000c0000000,0x00000000c2f03708,0x00000000c8680000)
 Metaspace       used 6065K, capacity 7152K, committed 7296K, reserved 1056768K
  class space    used 578K, capacity 616K, committed 640K, reserved 1048576K
Event: 12.625 GC heap after
Heap after GC invocations=13 (full 2):
 PSYoungGen      total 271360K, used 27567K [0x00000000eab00000, 0x0000000100000000, 0x0000000100000000)
  eden space 193536K, 0% used [0x00000000eab00000,0x00000000eab00000,0x00000000f6800000)
  from space 77824K, 35% used [0x00000000f6800000,0x00000000f82ebfa8,0x00000000fb400000)
  to   space 74752K, 0% used [0x00000000fb700000,0x00000000fb700000,0x0000000100000000)
 ParOldGen       total 137728K, used 66796K [0x00000000c0000000, 0x00000000c8680000, 0x00000000eab00000)
  object space 137728K, 48% used [0x00000000c0000000,0x00000000c413b1d0,0x00000000c8680000)
 Metaspace       used 6065K, capacity 7152K, committed 7296K, reserved 1056768K
  class space    used 578K, capacity 616K, committed 640K, reserved 1048576K
}
Event: 13.586 GC heap before
{Heap before GC invocations=14 (full 2):
 PSYoungGen      total 271360K, used 221103K [0x00000000eab00000, 0x0000000100000000, 0x0000000100000000)
  eden space 193536K, 100% used [0x00000000eab00000,0x00000000f6800000,0x00000000f6800000)
  from space 77824K, 35% used [0x00000000f6800000,0x00000000f82ebfa8,0x00000000fb400000)
  to   space 74752K, 0% used [0x00000000fb700000,0x00000000fb700000,0x0000000100000000)
 ParOldGen       total 137728K, used 66796K [0x00000000c0000000, 0x00000000c8680000, 0x00000000eab00000)
  object space 137728K, 48% used [0x00000000c0000000,0x00000000c413b1d0,0x00000000c8680000)
 Metaspace       used 6085K, capacity 7152K, committed 7296K, reserved 1056768K
  class space    used 578K, capacity 616K, committed 640K, reserved 1048576K
Event: 13.639 GC heap after
Heap after GC invocations=14 (full 2):
 PSYoungGen      total 265216K, used 40626K [0x00000000eab00000, 0x00000000ffa00000, 0x0000000100000000)
  eden space 196608K, 0% used [0x00000000eab00000,0x00000000eab00000,0x00000000f6b00000)
  from space 68608K, 59% used [0x00000000fb700000,0x00000000fdeac828,0x00000000ffa00000)
  to   space 73216K, 0% used [0x00000000f6b00000,0x00000000f6b00000,0x00000000fb280000)
 ParOldGen       total 137728K, used 75328K [0x00000000c0000000, 0x00000000c8680000, 0x00000000eab00000)
  object space 137728K, 54% used [0x00000000c0000000,0x00000000c49902a8,0x00000000c8680000)
 Metaspace       used 6085K, capacity 7152K, committed 7296K, reserved 1056768K
  class space    used 578K, capacity 616K, committed 640K, reserved 1048576K
}
Event: 14.154 GC heap before
{Heap before GC invocations=15 (full 2):
 PSYoungGen      total 265216K, used 237234K [0x00000000eab00000, 0x00000000ffa00000, 0x0000000100000000)
  eden space 196608K, 100% used [0x00000000eab00000,0x00000000f6b00000,0x00000000f6b00000)
  from space 68608K, 59% used [0x00000000fb700000,0x00000000fdeac828,0x00000000ffa00000)
  to   space 73216K, 0% used [0x00000000f6b00000,0x00000000f6b00000,0x00000000fb280000)
 ParOldGen       total 137728K, used 75328K [0x00000000c0000000, 0x00000000c8680000, 0x00000000eab00000)
  object space 137728K, 54% used [0x00000000c0000000,0x00000000c49902a8,0x00000000c8680000)
 Metaspace       used 6086K, capacity 7152K, committed 7296K, reserved 1056768K
  class space    used 578K, capacity 616K, committed 640K, reserved 1048576K
Event: 14.210 GC heap after
Heap after GC invocations=15 (full 2):
 PSYoungGen      total 269824K, used 73188K [0x00000000eab00000, 0x0000000100000000, 0x0000000100000000)
  eden space 196608K, 0% used [0x00000000eab00000,0x00000000eab00000,0x00000000f6b00000)
  from space 73216K, 99% used [0x00000000f6b00000,0x00000000fb279068,0x00000000fb280000)
  to   space 79360K, 0% used [0x00000000fb280000,0x00000000fb280000,0x0000000100000000)
 ParOldGen       total 137728K, used 87738K [0x00000000c0000000, 0x00000000c8680000, 0x00000000eab00000)
  object space 137728K, 63% used [0x00000000c0000000,0x00000000c55aeb20,0x00000000c8680000)
 Metaspace       used 6086K, capacity 7152K, committed 7296K, reserved 1056768K
  class space    used 578K, capacity 616K, committed 640K, reserved 1048576K
}
Event: 14.936 GC heap before
{Heap before GC invocations=16 (full 2):
 PSYoungGen      total 269824K, used 269796K [0x00000000eab00000, 0x0000000100000000, 0x0000000100000000)
  eden space 196608K, 100% used [0x00000000eab00000,0x00000000f6b00000,0x00000000f6b00000)
  from space 73216K, 99% used [0x00000000f6b00000,0x00000000fb279068,0x00000000fb280000)
  to   space 79360K, 0% used [0x00000000fb280000,0x00000000fb280000,0x0000000100000000)
 ParOldGen       total 137728K, used 87738K [0x00000000c0000000, 0x00000000c8680000, 0x00000000eab00000)
  object space 137728K, 63% used [0x00000000c0000000,0x00000000c55aeb20,0x00000000c8680000)
 Metaspace       used 6103K, capacity 7152K, committed 7296K, reserved 1056768K
  class space    used 578K, capacity 616K, committed 640K, reserved 1048576K
Event: 15.010 GC heap after
Heap after GC invocations=16 (full 2):
 PSYoungGen      total 249344K, used 55946K [0x00000000eab00000, 0x0000000100000000, 0x0000000100000000)
  eden space 169984K, 0% used [0x00000000eab00000,0x00000000eab00000,0x00000000f5100000)
  from space 79360K, 70% used [0x00000000fb280000,0x00000000fe922a88,0x0000000100000000)
  to   space 89600K, 0% used [0x00000000f5100000,0x00000000f5100000,0x00000000fa880000)
 ParOldGen       total 137728K, used 124006K [0x00000000c0000000, 0x00000000c8680000, 0x00000000eab00000)
  object space 137728K, 90% used [0x00000000c0000000,0x00000000c7919be0,0x00000000c8680000)
 Metaspace       used 6103K, capacity 7152K, committed 7296K, reserved 1056768K
  class space    used 578K, capacity 616K, committed 640K, reserved 1048576K
}
Event: 15.010 GC heap before
{Heap before GC invocations=17 (full 3):
 PSYoungGen      total 249344K, used 55946K [0x00000000eab00000, 0x0000000100000000, 0x0000000100000000)
  eden space 169984K, 0% used [0x00000000eab00000,0x00000000eab00000,0x00000000f5100000)
  from space 79360K, 70% used [0x00000000fb280000,0x00000000fe922a88,0x0000000100000000)
  to   space 89600K, 0% used [0x00000000f5100000,0x00000000f5100000,0x00000000fa880000)
 ParOldGen       total 137728K, used 124006K [0x00000000c0000000, 0x00000000c8680000, 0x00000000eab00000)
  object space 137728K, 90% used [0x00000000c0000000,0x00000000c7919be0,0x00000000c8680000)
 Metaspace       used 6103K, capacity 7152K, committed 7296K, reserved 1056768K
  class space    used 578K, capacity 616K, committed 640K, reserved 1048576K
Event: 15.822 GC heap after
Heap after GC invocations=17 (full 3):
 PSYoungGen      total 249344K, used 0K [0x00000000eab00000, 0x0000000100000000, 0x0000000100000000)
  eden space 169984K, 0% used [0x00000000eab00000,0x00000000eab00000,0x00000000f5100000)
  from space 79360K, 0% used [0x00000000fb280000,0x00000000fb280000,0x0000000100000000)
  to   space 89600K, 0% used [0x00000000f5100000,0x00000000f5100000,0x00000000fa880000)
 ParOldGen       total 246784K, used 133631K [0x00000000c0000000, 0x00000000cf100000, 0x00000000eab00000)
  object space 246784K, 54% used [0x00000000c0000000,0x00000000c827fc90,0x00000000cf100000)
 Metaspace       used 6103K, capacity 7152K, committed 7296K, reserved 1056768K
  class space    used 578K, capacity 616K, committed 640K, reserved 1048576K
}

